<?xml version="1.0" encoding="UTF-8"?>
<!-- Generated by org.testng.reporters.JUnitReportReporter -->
<testsuite skipped="0" hostname="Lenovo-PC" name="testngpack.test" tests="1" failures="0" timestamp="2022-08-18T13:10:46 IST" time="0.022" errors="0">
  <testcase name="a" time="0.022" classname="testngpack.test"/>
  <system-out>
    <![CDATA[Hello world]]>
  </system-out>
</testsuite> <!-- testngpack.test -->
